{"contracts\\BuyMeACoffee.sol":{"l":{"22":3,"23":1,"26":2,"29":2,"34":5,"37":5,"38":3,"40":2},"path":"C:\\Users\\fateme\\Desktop\\blockchain\\ByMeACoffee\\contracts\\BuyMeACoffee.sol","s":{"1":3,"2":2,"3":5,"4":5,"5":3,"6":2},"b":{"1":[1,2],"2":[3,2]},"f":{"1":3,"2":5},"fnMap":{"1":{"name":"SingUp","line":20,"loc":{"start":{"line":20,"column":4},"end":{"line":30,"column":4}}},"2":{"name":"SearchAccount","line":32,"loc":{"start":{"line":32,"column":4},"end":{"line":41,"column":4}}}},"statementMap":{"1":{"start":{"line":22,"column":8},"end":{"line":22,"column":580}},"2":{"start":{"line":26,"column":8},"end":{"line":26,"column":49}},"3":{"start":{"line":34,"column":8},"end":{"line":34,"column":51}},"4":{"start":{"line":37,"column":8},"end":{"line":37,"column":1108}},"5":{"start":{"line":38,"column":12},"end":{"line":38,"column":29}},"6":{"start":{"line":40,"column":8},"end":{"line":40,"column":29}}},"branchMap":{"1":{"line":22,"type":"if","locations":[{"start":{"line":22,"column":8},"end":{"line":22,"column":8}},{"start":{"line":22,"column":8},"end":{"line":22,"column":8}}]},"2":{"line":37,"type":"if","locations":[{"start":{"line":37,"column":8},"end":{"line":37,"column":8}},{"start":{"line":37,"column":8},"end":{"line":37,"column":8}}]}}},"contracts\\Person.sol":{"l":{"40":1,"41":1,"47":6,"52":1,"57":0,"65":2,"66":1,"68":1,"76":1,"79":1,"84":1,"85":0},"path":"C:\\Users\\fateme\\Desktop\\blockchain\\ByMeACoffee\\contracts\\Person.sol","s":{"1":1,"2":1,"3":0,"4":2,"5":1,"6":1,"7":1,"8":1},"b":{"1":[1,0],"2":[0,0],"3":[1,1],"4":[1,0],"5":[1,0]},"f":{"1":1,"2":6,"3":1,"4":0,"5":2,"6":1},"fnMap":{"1":{"name":"onlyOwner","line":38,"loc":{"start":{"line":38,"column":4},"end":{"line":42,"column":4}}},"2":{"name":"constructor","line":45,"loc":{"start":{"line":45,"column":4},"end":{"line":48,"column":4}}},"3":{"name":"getOwner","line":50,"loc":{"start":{"line":50,"column":4},"end":{"line":53,"column":4}}},"4":{"name":"getMemos","line":55,"loc":{"start":{"line":55,"column":4},"end":{"line":58,"column":4}}},"5":{"name":"buyACoffee","line":60,"loc":{"start":{"line":60,"column":4},"end":{"line":80,"column":4}}},"6":{"name":"withdraw","line":82,"loc":{"start":{"line":82,"column":4},"end":{"line":86,"column":4}}}},"statementMap":{"1":{"start":{"line":40,"column":8},"end":{"line":40,"column":37}},"2":{"start":{"line":52,"column":8},"end":{"line":52,"column":22}},"3":{"start":{"line":57,"column":8},"end":{"line":57,"column":22}},"4":{"start":{"line":65,"column":8},"end":{"line":65,"column":1694}},"5":{"start":{"line":68,"column":8},"end":{"line":68,"column":1783}},"6":{"start":{"line":76,"column":8},"end":{"line":76,"column":28}},"7":{"start":{"line":79,"column":8},"end":{"line":79,"column":68}},"8":{"start":{"line":84,"column":8},"end":{"line":84,"column":70}}},"branchMap":{"1":{"line":40,"type":"if","locations":[{"start":{"line":40,"column":8},"end":{"line":40,"column":8}},{"start":{"line":40,"column":8},"end":{"line":40,"column":8}}]},"2":{"line":55,"type":"if","locations":[{"start":{"line":55,"column":36},"end":{"line":55,"column":36}},{"start":{"line":55,"column":36},"end":{"line":55,"column":36}}]},"3":{"line":65,"type":"if","locations":[{"start":{"line":65,"column":8},"end":{"line":65,"column":8}},{"start":{"line":65,"column":8},"end":{"line":65,"column":8}}]},"4":{"line":82,"type":"if","locations":[{"start":{"line":82,"column":39},"end":{"line":82,"column":39}},{"start":{"line":82,"column":39},"end":{"line":82,"column":39}}]},"5":{"line":84,"type":"if","locations":[{"start":{"line":84,"column":8},"end":{"line":84,"column":8}},{"start":{"line":84,"column":8},"end":{"line":84,"column":8}}]}}}}