{"contracts\\BuyMeACoffee.sol":{"l":{"87":11,"89":11,"90":3,"92":8,"105":10,"106":10,"107":1,"111":9,"112":9,"115":9,"124":5,"125":1,"126":4,"127":1,"130":3,"131":3,"134":3,"147":1,"149":1,"151":0,"153":0,"155":0,"159":23,"167":12,"174":12,"183":1,"192":1},"path":"C:\\Users\\fateme\\Desktop\\blockchain\\BuyMeACoffee\\backend\\contracts\\BuyMeACoffee.sol","s":{"1":11,"2":11,"3":10,"4":10,"5":9,"6":9,"7":5,"8":4,"9":3,"10":1,"11":1,"12":0,"13":0,"14":23,"15":12,"16":12,"17":1,"18":1},"b":{"1":[3,8],"2":[1,9],"3":[5,1],"4":[1,4],"5":[1,3],"6":[1,1],"7":[1,0],"8":[0,0],"9":[1,1],"10":[1,0]},"f":{"1":11,"2":10,"3":5,"4":1,"5":23,"6":12,"7":1,"8":1},"fnMap":{"1":{"name":"isUserExist","line":85,"loc":{"start":{"line":85,"column":4},"end":{"line":93,"column":4}}},"2":{"name":"singUp","line":103,"loc":{"start":{"line":103,"column":4},"end":{"line":116,"column":4}}},"3":{"name":"buyACoffee","line":122,"loc":{"start":{"line":118,"column":4},"end":{"line":142,"column":4}}},"4":{"name":"withdraw","line":144,"loc":{"start":{"line":144,"column":4},"end":{"line":156,"column":4}}},"5":{"name":"getUser","line":158,"loc":{"start":{"line":158,"column":4},"end":{"line":160,"column":4}}},"6":{"name":"_createMemo","line":162,"loc":{"start":{"line":162,"column":4},"end":{"line":175,"column":4}}},"7":{"name":"getBalance","line":180,"loc":{"start":{"line":177,"column":4},"end":{"line":184,"column":4}}},"8":{"name":"getLastMemo","line":189,"loc":{"start":{"line":186,"column":4},"end":{"line":193,"column":4}}}},"statementMap":{"1":{"start":{"line":87,"column":8},"end":{"line":87,"column":50}},"2":{"start":{"line":89,"column":8},"end":{"line":89,"column":2230}},"3":{"start":{"line":105,"column":8},"end":{"line":105,"column":52}},"4":{"start":{"line":106,"column":8},"end":{"line":106,"column":2677}},"5":{"start":{"line":111,"column":8},"end":{"line":111,"column":73}},"6":{"start":{"line":115,"column":8},"end":{"line":115,"column":53}},"7":{"start":{"line":124,"column":8},"end":{"line":124,"column":3337}},"8":{"start":{"line":126,"column":8},"end":{"line":126,"column":3431}},"9":{"start":{"line":134,"column":8},"end":{"line":134,"column":3670}},"10":{"start":{"line":147,"column":8},"end":{"line":147,"column":61}},"11":{"start":{"line":149,"column":8},"end":{"line":149,"column":65}},"12":{"start":{"line":153,"column":8},"end":{"line":153,"column":65}},"13":{"start":{"line":155,"column":8},"end":{"line":155,"column":62}},"14":{"start":{"line":159,"column":8},"end":{"line":159,"column":44}},"15":{"start":{"line":167,"column":8},"end":{"line":167,"column":4602}},"16":{"start":{"line":174,"column":8},"end":{"line":174,"column":22}},"17":{"start":{"line":183,"column":8},"end":{"line":183,"column":46}},"18":{"start":{"line":192,"column":8},"end":{"line":192,"column":43}}},"branchMap":{"1":{"line":89,"type":"if","locations":[{"start":{"line":89,"column":8},"end":{"line":89,"column":8}},{"start":{"line":89,"column":8},"end":{"line":89,"column":8}}]},"2":{"line":106,"type":"if","locations":[{"start":{"line":106,"column":8},"end":{"line":106,"column":8}},{"start":{"line":106,"column":8},"end":{"line":106,"column":8}}]},"3":{"line":122,"type":"if","locations":[{"start":{"line":122,"column":23},"end":{"line":122,"column":23}},{"start":{"line":122,"column":23},"end":{"line":122,"column":23}}]},"4":{"line":124,"type":"if","locations":[{"start":{"line":124,"column":8},"end":{"line":124,"column":8}},{"start":{"line":124,"column":8},"end":{"line":124,"column":8}}]},"5":{"line":126,"type":"if","locations":[{"start":{"line":126,"column":8},"end":{"line":126,"column":8}},{"start":{"line":126,"column":8},"end":{"line":126,"column":8}}]},"6":{"line":144,"type":"if","locations":[{"start":{"line":144,"column":41},"end":{"line":144,"column":41}},{"start":{"line":144,"column":41},"end":{"line":144,"column":41}}]},"7":{"line":149,"type":"if","locations":[{"start":{"line":149,"column":8},"end":{"line":149,"column":8}},{"start":{"line":149,"column":8},"end":{"line":149,"column":8}}]},"8":{"line":155,"type":"if","locations":[{"start":{"line":155,"column":8},"end":{"line":155,"column":8}},{"start":{"line":155,"column":8},"end":{"line":155,"column":8}}]},"9":{"line":180,"type":"if","locations":[{"start":{"line":180,"column":8},"end":{"line":180,"column":8}},{"start":{"line":180,"column":8},"end":{"line":180,"column":8}}]},"10":{"line":189,"type":"if","locations":[{"start":{"line":189,"column":8},"end":{"line":189,"column":8}},{"start":{"line":189,"column":8},"end":{"line":189,"column":8}}]}}}}